<?xml version="1.0" encoding="UTF-8"?>
<coverage generated="1751620313228" clover="3.2.0">
  <project timestamp="1751620313229" name="All files">
    <metrics statements="23" coveredstatements="23" conditionals="13" coveredconditionals="10" methods="8" coveredmethods="8" elements="44" coveredelements="41" complexity="0" loc="23" ncloc="23" packages="2" files="2" classes="2"/>
    <package name="common">
      <metrics statements="3" coveredstatements="3" conditionals="0" coveredconditionals="0" methods="0" coveredmethods="0"/>
      <file name="constant.ts" path="D:\demos\project\work-boost\src\common\constant.ts">
        <metrics statements="3" coveredstatements="3" conditionals="0" coveredconditionals="0" methods="0" coveredmethods="0"/>
        <line num="1" count="1" type="stmt"/>
        <line num="8" count="1" type="stmt"/>
        <line num="27" count="1" type="stmt"/>
      </file>
    </package>
    <package name="lib.PubStepForm">
      <metrics statements="20" coveredstatements="20" conditionals="13" coveredconditionals="10" methods="8" coveredmethods="8"/>
      <file name="index.tsx" path="D:\demos\project\work-boost\src\lib\PubStepForm\index.tsx">
        <metrics statements="20" coveredstatements="20" conditionals="13" coveredconditionals="10" methods="8" coveredmethods="8"/>
        <line num="1" count="1" type="stmt"/>
        <line num="2" count="1" type="stmt"/>
        <line num="4" count="1" type="stmt"/>
        <line num="5" count="1" type="stmt"/>
        <line num="7" count="1" type="stmt"/>
        <line num="8" count="19" type="cond" truecount="0" falsecount="1"/>
        <line num="9" count="19" type="stmt"/>
        <line num="10" count="57" type="stmt"/>
        <line num="11" count="19" type="stmt"/>
        <line num="12" count="18" type="stmt"/>
        <line num="14" count="19" type="stmt"/>
        <line num="15" count="2" type="cond" truecount="1" falsecount="1"/>
        <line num="16" count="2" type="stmt"/>
        <line num="17" count="2" type="stmt"/>
        <line num="20" count="19" type="stmt"/>
        <line num="21" count="9" type="cond" truecount="1" falsecount="1"/>
        <line num="22" count="9" type="stmt"/>
        <line num="23" count="9" type="stmt"/>
        <line num="26" count="19" type="stmt"/>
        <line num="39" count="37" type="stmt"/>
      </file>
    </package>
  </project>
</coverage>
