{"D:\\demos\\project\\work-boost\\src\\common\\constant.ts": {"path":"D:\\demos\\project\\work-boost\\src\\common\\constant.ts","statementMap":{"0":{"start":{"line":1,"column":24},"end":{"line":6,"column":2}},"1":{"start":{"line":27,"column":9},"end":{"line":27,"column":24}},"2":{"start":{"line":8,"column":31},"end":{"line":25,"column":2}},"3":{"start":{"line":27,"column":26},"end":{"line":27,"column":48}}},"fnMap":{},"branchMap":{},"s":{"0":1,"1":1,"2":1,"3":1},"f":{},"b":{}}
,"D:\\demos\\project\\work-boost\\src\\lib\\PubStepForm\\index.tsx": {"path":"D:\\demos\\project\\work-boost\\src\\lib\\PubStepForm\\index.tsx","statementMap":{"0":{"start":{"line":7,"column":0},"end":{"line":7,"column":24}},"1":{"start":{"line":1,"column":0},"end":{"line":1,"column":45}},"2":{"start":{"line":2,"column":0},"end":{"line":2,"column":56}},"3":{"start":{"line":4,"column":0},"end":{"line":4,"column":42}},"4":{"start":{"line":5,"column":0},"end":{"line":5,"column":53}},"5":{"start":{"line":8,"column":66},"end":{"line":8,"column":71}},"6":{"start":{"line":9,"column":32},"end":{"line":9,"column":43}},"7":{"start":{"line":10,"column":15},"end":{"line":10,"column":65}},"8":{"start":{"line":10,"column":42},"end":{"line":10,"column":63}},"9":{"start":{"line":11,"column":18},"end":{"line":13,"column":22}},"10":{"start":{"line":12,"column":4},"end":{"line":12,"column":35}},"11":{"start":{"line":14,"column":21},"end":{"line":19,"column":3}},"12":{"start":{"line":15,"column":4},"end":{"line":18,"column":5}},"13":{"start":{"line":16,"column":6},"end":{"line":16,"column":37}},"14":{"start":{"line":16,"column":27},"end":{"line":16,"column":35}},"15":{"start":{"line":17,"column":6},"end":{"line":17,"column":15}},"16":{"start":{"line":20,"column":21},"end":{"line":25,"column":3}},"17":{"start":{"line":21,"column":4},"end":{"line":24,"column":5}},"18":{"start":{"line":22,"column":6},"end":{"line":22,"column":37}},"19":{"start":{"line":22,"column":27},"end":{"line":22,"column":35}},"20":{"start":{"line":23,"column":6},"end":{"line":23,"column":20}},"21":{"start":{"line":26,"column":2},"end":{"line":82,"column":4}},"22":{"start":{"line":39,"column":12},"end":{"line":42,"column":null}}},"fnMap":{"0":{"name":"PubStepForm","decl":{"start":{"line":7,"column":24},"end":{"line":7,"column":35}},"loc":{"start":{"line":7,"column":59},"end":{"line":83,"column":1}}},"1":{"name":"(anonymous_2)","decl":{"start":{"line":10,"column":26},"end":{"line":10,"column":27}},"loc":{"start":{"line":10,"column":42},"end":{"line":10,"column":63}}},"2":{"name":"(anonymous_3)","decl":{"start":{"line":11,"column":26},"end":{"line":11,"column":29}},"loc":{"start":{"line":11,"column":31},"end":{"line":13,"column":3}}},"3":{"name":"(anonymous_4)","decl":{"start":{"line":14,"column":21},"end":{"line":14,"column":24}},"loc":{"start":{"line":14,"column":26},"end":{"line":19,"column":3}}},"4":{"name":"(anonymous_5)","decl":{"start":{"line":16,"column":17},"end":{"line":16,"column":18}},"loc":{"start":{"line":16,"column":27},"end":{"line":16,"column":35}}},"5":{"name":"(anonymous_6)","decl":{"start":{"line":20,"column":21},"end":{"line":20,"column":22}},"loc":{"start":{"line":20,"column":36},"end":{"line":25,"column":3}}},"6":{"name":"(anonymous_7)","decl":{"start":{"line":22,"column":17},"end":{"line":22,"column":18}},"loc":{"start":{"line":22,"column":27},"end":{"line":22,"column":35}}},"7":{"name":"(anonymous_8)","decl":{"start":{"line":38,"column":24},"end":{"line":38,"column":25}},"loc":{"start":{"line":39,"column":12},"end":{"line":42,"column":null}}}},"branchMap":{"0":{"loc":{"start":{"line":8,"column":51},"end":{"line":8,"column":61}},"type":"default-arg","locations":[{"start":{"line":8,"column":60},"end":{"line":8,"column":61}}]},"1":{"loc":{"start":{"line":15,"column":4},"end":{"line":18,"column":5}},"type":"if","locations":[{"start":{"line":15,"column":4},"end":{"line":18,"column":5}},{"start":{},"end":{}}]},"2":{"loc":{"start":{"line":21,"column":4},"end":{"line":24,"column":5}},"type":"if","locations":[{"start":{"line":21,"column":4},"end":{"line":24,"column":5}},{"start":{},"end":{}}]},"3":{"loc":{"start":{"line":44,"column":15},"end":{"line":55,"column":null}},"type":"cond-expr","locations":[{"start":{"line":45,"column":16},"end":{"line":52,"column":null}},{"start":{"line":55,"column":16},"end":{"line":55,"column":30}}]},"4":{"loc":{"start":{"line":42,"column":19},"end":{"line":42,"column":52}},"type":"cond-expr","locations":[{"start":{"line":42,"column":34},"end":{"line":42,"column":44}},{"start":{"line":42,"column":47},"end":{"line":42,"column":52}}]},"5":{"loc":{"start":{"line":69,"column":11},"end":{"line":72,"column":null}},"type":"binary-expr","locations":[{"start":{"line":69,"column":11},"end":{"line":69,"column":22}},{"start":{"line":70,"column":12},"end":{"line":70,"column":null}}]},"6":{"loc":{"start":{"line":74,"column":11},"end":{"line":77,"column":null}},"type":"binary-expr","locations":[{"start":{"line":74,"column":11},"end":{"line":74,"column":37}},{"start":{"line":75,"column":12},"end":{"line":75,"column":null}}]}},"s":{"0":1,"1":1,"2":1,"3":1,"4":1,"5":19,"6":19,"7":19,"8":57,"9":19,"10":18,"11":19,"12":2,"13":2,"14":2,"15":2,"16":19,"17":9,"18":9,"19":9,"20":9,"21":19,"22":37},"f":{"0":19,"1":57,"2":18,"3":2,"4":2,"5":9,"6":9,"7":37},"b":{"0":[0],"1":[2,0],"2":[9,0],"3":[31,6],"4":[31,6],"5":[19,7],"6":[19,18]}}
}
