TN:
SF:src\common\constant.ts
FNF:0
FNH:0
DA:1,1
DA:8,1
DA:27,1
LF:3
LH:3
BRF:0
BRH:0
end_of_record
TN:
SF:src\lib\PubStepForm\index.tsx
FN:7,PubStepForm
FN:10,(anonymous_2)
FN:11,(anonymous_3)
FN:14,(anonymous_4)
FN:16,(anonymous_5)
FN:20,(anonymous_6)
FN:22,(anonymous_7)
FN:38,(anonymous_8)
FNF:8
FNH:8
FNDA:19,PubStepForm
FNDA:57,(anonymous_2)
FNDA:18,(anonymous_3)
FNDA:2,(anonymous_4)
FNDA:2,(anonymous_5)
FNDA:9,(anonymous_6)
FNDA:9,(anonymous_7)
FNDA:37,(anonymous_8)
DA:1,1
DA:2,1
DA:4,1
DA:5,1
DA:7,1
DA:8,19
DA:9,19
DA:10,57
DA:11,19
DA:12,18
DA:14,19
DA:15,2
DA:16,2
DA:17,2
DA:20,19
DA:21,9
DA:22,9
DA:23,9
DA:26,19
DA:39,37
LF:20
LH:20
BRDA:8,0,0,0
BRDA:15,1,0,2
BRDA:15,1,1,0
BRDA:21,2,0,9
BRDA:21,2,1,0
BRDA:44,3,0,31
BRDA:44,3,1,6
BRDA:42,4,0,31
BRDA:42,4,1,6
BRDA:69,5,0,19
BRDA:69,5,1,7
BRDA:74,6,0,19
BRDA:74,6,1,18
BRF:13
BRH:10
end_of_record
